     1                                  bits 32 
     2                                  ; problem 6
     3                                  
     4                                  global start        
     5                                  
     6                                  
     7                                  extern exit               
     8                                  import exit msvcrt.dll    
     9                                                            
    10                                  
    11                                  
    12                                  segment data use32 class=data
    13                                      ; a, b, c - byte
    14 00000000 05                          a db 5
    15 00000001 03                          b db 3
    16 00000002 02                          c db 2
    17                                  
    18                                  
    19                                  segment code use32 class=code
    20                                      start:
    21                                          ; (a*b)/c
    22                                          
    23 00000000 A0[00000000]                    mov AL, [a]
    24 00000005 8A1D[01000000]                  mov BL, [b]
    25 0000000B F6E3                            mul BL ; AX : a * b = 5 * 3 = 15
    26                                          
    27 0000000D 8A1D[02000000]                  mov BL, [c]
    28 00000013 F6F3                            div BL ; AL : 7,   AH : 1 
    29                                          
    30                                      
    31                                          ; exit(0)
    32 00000015 6A00                            push    dword 0      ; push the parameter for exit onto the stack
    33 00000017 FF15[00000000]                  call    [exit]       ; call exit to terminate the program
