     1                                  bits 32 
     2                                  ; problem 20
     3                                  
     4                                  global start        
     5                                  
     6                                  
     7                                  extern exit               
     8                                  import exit msvcrt.dll    
     9                                                            
    10                                  
    11                                  
    12                                  segment data use32 class=data
    13                                      ; a, b, c - word
    14 00000000 0500                        a dw 5
    15 00000002 0600                        b dw 6
    16 00000004 6400                        c dw 100
    17                                  
    18                                  
    19                                  segment code use32 class=code
    20                                      start:
    21                                          ; b-(b+c)+a
    22                                          
    23 00000000 66A1[02000000]                  mov AX, [b] ; AX has the value of b = 6
    24                                          
    25 00000006 668B1D[02000000]                mov BX, [b]
    26 0000000D 66031D[04000000]                add BX, [c] ; BX has the value of b + c = 6 + 100 = 106
    27                                          
    28 00000014 6629D8                          sub AX, BX ; now AX has the value of b - (b + c) = 6 - 106 = -100
    29 00000017 660305[00000000]                add AX, [a] ; now AX has the final value of -100 + 5 = -95
    30                                          
    31                                      
    32                                          ; exit(0)
    33 0000001E 6A00                            push    dword 0      ; push the parameter for exit onto the stack
    34 00000020 FF15[00000000]                  call    [exit]       ; call exit to terminate the program
