PIF:
+---------+---------+
| Index   | Value   |
+=========+=========+
| num     | -1      |
+---------+---------+
| ID      | (6, 0)  |
+---------+---------+
| num     | -1      |
+---------+---------+
| ID      | (7, 0)  |
+---------+---------+
| ID      | (6, 0)  |
+---------+---------+
| read()  | -1      |
+---------+---------+
| ID      | (7, 0)  |
+---------+---------+
| read()  | -1      |
+---------+---------+
| while   | -1      |
+---------+---------+
| ID      | (17, 0) |
+---------+---------+
| ID      | (18, 0) |
+---------+---------+
| if      | -1      |
+---------+---------+
| ID      | (17, 0) |
+---------+---------+
| ID      | (18, 0) |
+---------+---------+
| ID      | (17, 0) |
+---------+---------+
| ID      | (17, 0) |
+---------+---------+
| ID      | (18, 0) |
+---------+---------+
| else    | -1      |
+---------+---------+
| ID      | (18, 0) |
+---------+---------+
| ID      | (18, 0) |
+---------+---------+
| ID      | (17, 0) |
+---------+---------+
| ret     | -1      |
+---------+---------+
| ID      | (17, 0) |
+---------+---------+