PIF:
+---------+----------+
| Index   | Value    |
+=========+==========+
| PROGRAM | -1       |
+---------+----------+
| {       | -1       |
+---------+----------+
| num     | -1       |
+---------+----------+
| ID      | (146, 0) |
+---------+----------+
| .       | -1       |
+---------+----------+
| num     | -1       |
+---------+----------+
| ID      | (147, 0) |
+---------+----------+
| .       | -1       |
+---------+----------+
| ID      | (146, 0) |
+---------+----------+
| =       | -1       |
+---------+----------+
| read()  | -1       |
+---------+----------+
| .       | -1       |
+---------+----------+
| ID      | (147, 0) |
+---------+----------+
| =       | -1       |
+---------+----------+
| read()  | -1       |
+---------+----------+
| .       | -1       |
+---------+----------+
| while   | -1       |
+---------+----------+
| [       | -1       |
+---------+----------+
| ID      | (97, 0)  |
+---------+----------+
| !=      | -1       |
+---------+----------+
| ID      | (98, 0)  |
+---------+----------+
| ]       | -1       |
+---------+----------+
| {       | -1       |
+---------+----------+
| if      | -1       |
+---------+----------+
| [       | -1       |
+---------+----------+
| ID      | (97, 0)  |
+---------+----------+
| >       | -1       |
+---------+----------+
| ID      | (98, 0)  |
+---------+----------+
| ]       | -1       |
+---------+----------+
| {       | -1       |
+---------+----------+
| ID      | (97, 0)  |
+---------+----------+
| =       | -1       |
+---------+----------+
| ID      | (97, 0)  |
+---------+----------+
| -       | -1       |
+---------+----------+
| ID      | (98, 0)  |
+---------+----------+
| .       | -1       |
+---------+----------+
| }       | -1       |
+---------+----------+
| else    | -1       |
+---------+----------+
| {       | -1       |
+---------+----------+
| ID      | (98, 0)  |
+---------+----------+
| =       | -1       |
+---------+----------+
| ID      | (98, 0)  |
+---------+----------+
| -       | -1       |
+---------+----------+
| ID      | (97, 0)  |
+---------+----------+
| .       | -1       |
+---------+----------+
| }       | -1       |
+---------+----------+
| ret     | -1       |
+---------+----------+
| ID      | (97, 0)  |
+---------+----------+
| .       | -1       |
+---------+----------+
| }       | -1       |
+---------+----------+
| }       | -1       |
+---------+----------+