     1                                  bits 32 
     2                                  
     3                                  
     4                                  global start        
     5                                  
     6                                  extern exit               
     7                                  import exit msvcrt.dll    
     8                                  
     9                                  segment data use32 class=data
    10 00000000 313233343536373800          sir db '1','2','3','4','5','6','7','8', 0
    11                                      l equ $-sir
    12 00000009 00<rept>                    dest times l db 0
    13                                  
    14                                  segment code use32 class=code
    15                                      start:
    16 00000000 BE[08000000]                    mov esi, sir + l - 1
    17 00000005 BF[09000000]                    mov edi, dest
    18 0000000A B909000000                      mov ecx, l
    19                                          start_loop:
    20 0000000F FD                                  std
    21 00000010 AC                                  lodsb 
    22 00000011 FC                                  cld
    23 00000012 AA                                  stosb 
    24 00000013 E2FA                                loop start_loop
    25                                          
    26                                      
    27 00000015 6A00                            push    dword 0      ; push the parameter for exit onto the stack
    28 00000017 FF15[00000000]                  call    [exit]       ; call exit to terminate the program
