PIF:
+------------------------------+---------+
| Index                        | Value   |
+==============================+=========+
| // p1 - Max of three numbers | -1      |
+------------------------------+---------+
| num                          | -1      |
+------------------------------+---------+
| ID                           | (6, 0)  |
+------------------------------+---------+
| .                            | -1      |
+------------------------------+---------+
| num                          | -1      |
+------------------------------+---------+
| ID                           | (7, 0)  |
+------------------------------+---------+
| .                            | -1      |
+------------------------------+---------+
| num                          | -1      |
+------------------------------+---------+
| ID                           | (8, 0)  |
+------------------------------+---------+
| .                            | -1      |
+------------------------------+---------+
| ID                           | (6, 0)  |
+------------------------------+---------+
| =                            | -1      |
+------------------------------+---------+
| read()                       | -1      |
+------------------------------+---------+
| .                            | -1      |
+------------------------------+---------+
| ID                           | (7, 0)  |
+------------------------------+---------+
| =                            | -1      |
+------------------------------+---------+
| read()                       | -1      |
+------------------------------+---------+
| .                            | -1      |
+------------------------------+---------+
| ID                           | (8, 0)  |
+------------------------------+---------+
| =                            | -1      |
+------------------------------+---------+
| read()                       | -1      |
+------------------------------+---------+
| .                            | -1      |
+------------------------------+---------+
| if                           | -1      |
+------------------------------+---------+
| [                            | -1      |
+------------------------------+---------+
| ID                           | (6, 0)  |
+------------------------------+---------+
| >                            | -1      |
+------------------------------+---------+
| ID                           | (7, 0)  |
+------------------------------+---------+
| &&                           | -1      |
+------------------------------+---------+
| ID                           | (6, 0)  |
+------------------------------+---------+
| >                            | -1      |
+------------------------------+---------+
| ID                           | (8, 0)  |
+------------------------------+---------+
| ]                            | -1      |
+------------------------------+---------+
| {                            | -1      |
+------------------------------+---------+
| ret                          | -1      |
+------------------------------+---------+
| ID                           | (6, 0)  |
+------------------------------+---------+
| .                            | -1      |
+------------------------------+---------+
| }                            | -1      |
+------------------------------+---------+
| elif                         | -1      |
+------------------------------+---------+
| [                            | -1      |
+------------------------------+---------+
| ID                           | (7, 0)  |
+------------------------------+---------+
| >                            | -1      |
+------------------------------+---------+
| ID                           | (6, 0)  |
+------------------------------+---------+
| &&                           | -1      |
+------------------------------+---------+
| ID                           | (7, 0)  |
+------------------------------+---------+
| >                            | -1      |
+------------------------------+---------+
| ID                           | (8, 0)  |
+------------------------------+---------+
| ]                            | -1      |
+------------------------------+---------+
| {                            | -1      |
+------------------------------+---------+
| ret                          | -1      |
+------------------------------+---------+
| ID                           | (7, 0)  |
+------------------------------+---------+
| .                            | -1      |
+------------------------------+---------+
| }                            | -1      |
+------------------------------+---------+
| else                         | -1      |
+------------------------------+---------+
| {                            | -1      |
+------------------------------+---------+
| ret                          | -1      |
+------------------------------+---------+
| ID                           | (8, 0)  |
+------------------------------+---------+
| .                            | -1      |
+------------------------------+---------+
| }                            | -1      |
+------------------------------+---------+